<?xml version="1.0" encoding="UTF-8"?>
<!-- Generated by org.testng.reporters.JUnitReportReporter -->
<testsuite hostname="DESKTOP-JR15DS6" failures="0" tests="1" name="mt_Project.DW009" time="114.449" errors="0" timestamp="2020-11-11T11:04:52 IST" skipped="0">
  <testcase classname="mt_Project.DW009" name="f" time="114.449"/>
  <system-out/>
</testsuite> <!-- mt_Project.DW009 -->
