<?xml version="1.0" encoding="UTF-8"?>
<!-- Generated by org.testng.reporters.JUnitReportReporter -->
<testsuite hostname="DESKTOP-JR15DS6" failures="0" tests="1" name="mt_Project.MA004" time="188.522" errors="0" timestamp="2020-11-20T22:52:00 IST" skipped="0">
  <testcase classname="mt_Project.MA004" name="f" time="188.522"/>
  <system-out/>
</testsuite> <!-- mt_Project.MA004 -->
