<?xml version="1.0" encoding="UTF-8"?>
<!-- Generated by org.testng.reporters.JUnitReportReporter -->
<testsuite hostname="DESKTOP-JR15DS6" failures="0" tests="1" name="mt_Project.NewTest" time="188.794" errors="0" timestamp="2020-11-20T23:40:06 IST" skipped="0">
  <testcase classname="mt_Project.NewTest" name="f" time="188.794"/>
  <system-out/>
</testsuite> <!-- mt_Project.NewTest -->
