<?xml version="1.0" encoding="UTF-8"?>
<!-- Generated by org.testng.reporters.JUnitReportReporter -->
<testsuite hostname="DESKTOP-JR15DS6" failures="0" tests="1" name="mt_Project.NewTest1" time="56.171" errors="0" timestamp="2020-11-05T11:32:37 IST" skipped="0">
  <testcase classname="mt_Project.NewTest1" name="f" time="56.171"/>
  <system-out/>
</testsuite> <!-- mt_Project.NewTest1 -->
